This file contains any messages produced by compilers while
running configure, to aid debugging if configure makes a mistake.

It was created by configure, which was
generated by GNU Autoconf 2.53.  Invocation command line was

  $ ./configure --prefix=/sw/lors

## --------- ##
## Platform. ##
## --------- ##

hostname = Matilda.local
uname -m = x86_64
uname -r = 13.0.3
uname -s = Darwin
uname -v = Darwin Kernel Version 13.0.3: Thu Oct 17 20:41:40 PDT 2013; root:xnu-2422.85.3~1/RELEASE_X86_64

/usr/bin/uname -p = i386
/bin/uname -X     = unknown

/bin/arch              = unknown
/usr/bin/arch -k       = unknown
/usr/convex/getsysinfo = unknown
hostinfo               = Mach kernel version:
	 Darwin Kernel Version 13.0.3: Thu Oct 17 20:41:40 PDT 2013; root:xnu-2422.85.3~1/RELEASE_X86_64
Kernel configured for up to 16 processors.
8 processors are physically available.
16 processors are logically available.
Processor type: i486 (Intel 80486)
Processors active: 0 1 2 3 4 5 6 7 8 9 10 11 12 13 14 15
Primary memory available: 64.00 gigabytes
Default processor set: 241 tasks, 1290 threads, 16 processors
Load average: 2.77, Mach factor: 13.21
/bin/machine           = unknown
/usr/bin/oslevel       = unknown
/bin/universe          = unknown

PATH: /usr/local/bin
PATH: /sbin
PATH: /usr/sbin/
PATH: /usr/bin
PATH: /bin


## ----------- ##
## Core tests. ##
## ----------- ##

configure:1402: checking build system type
configure:1420: result: i386-apple-darwin13.0.3
configure:1428: checking host system type
configure:1442: result: i386-apple-darwin13.0.3
configure:1450: checking target system type
configure:1464: result: i386-apple-darwin13.0.3
configure:1494: checking for a BSD-compatible install
configure:1548: result: /usr/bin/install -c
configure:1559: checking whether build environment is sane
configure:1602: result: yes
configure:1635: checking for gawk
configure:1664: result: no
configure:1635: checking for mawk
configure:1664: result: no
configure:1635: checking for nawk
configure:1664: result: no
configure:1635: checking for awk
configure:1651: found /usr/bin/awk
configure:1661: result: awk
configure:1671: checking whether make sets ${MAKE}
configure:1691: result: yes
configure:1865: checking for style of include used by make
configure:1893: result: GNU
configure:1964: checking for gcc
configure:1980: found /usr/bin/gcc
configure:1990: result: gcc
configure:2234: checking for C compiler version
configure:2237: gcc --version </dev/null >&5
Configured with: --prefix=/Applications/Xcode.app/Contents/Developer/usr --with-gxx-include-dir=/usr/include/c++/4.2.1
Apple LLVM version 5.0 (clang-500.2.79) (based on LLVM 3.3svn)
Target: x86_64-apple-darwin13.0.3
Thread model: posix
configure:2240: $? = 0
configure:2242: gcc -v </dev/null >&5
Configured with: --prefix=/Applications/Xcode.app/Contents/Developer/usr --with-gxx-include-dir=/usr/include/c++/4.2.1
Apple LLVM version 5.0 (clang-500.2.79) (based on LLVM 3.3svn)
Target: x86_64-apple-darwin13.0.3
Thread model: posix
configure:2245: $? = 0
configure:2247: gcc -V </dev/null >&5
clang: error: argument to '-V' is missing (expected 1 value)
clang: error: no input files
configure:2250: $? = 1
configure:2276: checking for C compiler default output
configure:2279: gcc    conftest.c  >&5
configure:2282: $? = 0
configure:2315: result: a.out
configure:2320: checking whether the C compiler works
configure:2326: ./a.out
configure:2329: $? = 0
configure:2344: result: yes
configure:2351: checking whether we are cross compiling
configure:2353: result: no
configure:2356: checking for suffix of executables
configure:2358: gcc -o conftest    conftest.c  >&5
configure:2361: $? = 0
configure:2383: result: 
configure:2389: checking for suffix of object files
configure:2413: gcc -c   conftest.c >&5
configure:2416: $? = 0
configure:2435: result: o
configure:2439: checking whether we are using the GNU C compiler
configure:2466: gcc -c   conftest.c >&5
configure:2469: $? = 0
configure:2472: test -s conftest.o
configure:2475: $? = 0
configure:2487: result: yes
configure:2493: checking whether gcc accepts -g
configure:2517: gcc -c -g  conftest.c >&5
configure:2520: $? = 0
configure:2523: test -s conftest.o
configure:2526: $? = 0
configure:2536: result: yes
configure:2563: gcc -c -g -O2  conftest.c >&5
conftest.c:2:3: error: unknown type name 'choke'
  choke me
  ^
conftest.c:2:11: error: expected ';' after top level declarator
  choke me
          ^
          ;
2 errors generated.
configure:2566: $? = 1
configure: failed program was:
#ifndef __cplusplus
  choke me
#endif
configure:2678: checking dependency style of gcc
configure:2740: result: gcc3
configure:2747: checking for strerror in -lcposix
configure:2780: gcc -o conftest -g -O2   conftest.c -lcposix   >&5
configure:2762:6: warning: incompatible redeclaration of library function 'strerror' [-Wincompatible-library-redeclaration]
char strerror ();
     ^
configure:2762:6: note: 'strerror' is a builtin with type 'char *(int)'
1 warning generated.
ld: library not found for -lcposix
clang: error: linker command failed with exit code 1 (use -v to see invocation)
configure:2783: $? = 1
configure: failed program was:
#line 2754 "configure"
#include "confdefs.h"

/* Override any gcc2 internal prototype to avoid an error.  */
#ifdef __cplusplus
extern "C"
#endif
/* We use char because int might match the return type of a gcc2
   builtin and then its argument prototype would still apply.  */
char strerror ();
#ifdef F77_DUMMY_MAIN
#  ifdef __cplusplus
     extern "C"
#  endif
   int F77_DUMMY_MAIN() { return 1; }
#endif
int
main ()
{
strerror ();
  ;
  return 0;
}
configure:2800: result: no
configure:2855: checking for gcc
configure:2881: result: gcc
configure:3125: checking for C compiler version
configure:3128: gcc --version </dev/null >&5
Configured with: --prefix=/Applications/Xcode.app/Contents/Developer/usr --with-gxx-include-dir=/usr/include/c++/4.2.1
Apple LLVM version 5.0 (clang-500.2.79) (based on LLVM 3.3svn)
Target: x86_64-apple-darwin13.0.3
Thread model: posix
configure:3131: $? = 0
configure:3133: gcc -v </dev/null >&5
Configured with: --prefix=/Applications/Xcode.app/Contents/Developer/usr --with-gxx-include-dir=/usr/include/c++/4.2.1
Apple LLVM version 5.0 (clang-500.2.79) (based on LLVM 3.3svn)
Target: x86_64-apple-darwin13.0.3
Thread model: posix
configure:3136: $? = 0
configure:3138: gcc -V </dev/null >&5
clang: error: argument to '-V' is missing (expected 1 value)
clang: error: no input files
configure:3141: $? = 1
configure:3144: checking whether we are using the GNU C compiler
configure:3192: result: yes
configure:3198: checking whether gcc accepts -g
configure:3241: result: yes
configure:3268: gcc -c -g -O2  conftest.c >&5
conftest.c:2:3: error: unknown type name 'choke'
  choke me
  ^
conftest.c:2:11: error: expected ';' after top level declarator
  choke me
          ^
          ;
2 errors generated.
configure:3271: $? = 1
configure: failed program was:
#ifndef __cplusplus
  choke me
#endif
configure:3383: checking dependency style of gcc
configure:3445: result: gcc3
configure:3455: checking how to run the C preprocessor
configure:3481: gcc -E  conftest.c
configure:3487: $? = 0
configure:3514: gcc -E  conftest.c
configure:3510:10: fatal error: 'ac_nonexistent.h' file not found
#include <ac_nonexistent.h>
         ^
1 error generated.
configure:3520: $? = 1
configure: failed program was:
#line 3509 "configure"
#include "confdefs.h"
#include <ac_nonexistent.h>
configure:3557: result: gcc -E
configure:3572: gcc -E  conftest.c
configure:3578: $? = 0
configure:3605: gcc -E  conftest.c
configure:3601:10: fatal error: 'ac_nonexistent.h' file not found
#include <ac_nonexistent.h>
         ^
1 error generated.
configure:3611: $? = 1
configure: failed program was:
#line 3600 "configure"
#include "confdefs.h"
#include <ac_nonexistent.h>
configure:3652: checking whether gcc needs -traditional
configure:3675:10: fatal error: 'termio.h' file not found
#include <termio.h>
         ^
1 error generated.
configure:3688: result: no
configure:3698: checking for gcc option to accept ANSI C
configure:3764: gcc  -c -g -O2  conftest.c >&5
configure:3767: $? = 0
configure:3770: test -s conftest.o
configure:3773: $? = 0
configure:3787: result: none needed
configure:3812: checking for sys/types.h
configure:3825: gcc -c -g -O2  conftest.c >&5
configure:3828: $? = 0
configure:3831: test -s conftest.o
configure:3834: $? = 0
configure:3844: result: yes
configure:3812: checking for sys/stat.h
configure:3825: gcc -c -g -O2  conftest.c >&5
configure:3828: $? = 0
configure:3831: test -s conftest.o
configure:3834: $? = 0
configure:3844: result: yes
configure:3812: checking for stdlib.h
configure:3825: gcc -c -g -O2  conftest.c >&5
configure:3828: $? = 0
configure:3831: test -s conftest.o
configure:3834: $? = 0
configure:3844: result: yes
configure:3812: checking for string.h
configure:3825: gcc -c -g -O2  conftest.c >&5
configure:3828: $? = 0
configure:3831: test -s conftest.o
configure:3834: $? = 0
configure:3844: result: yes
configure:3812: checking for memory.h
configure:3825: gcc -c -g -O2  conftest.c >&5
configure:3828: $? = 0
configure:3831: test -s conftest.o
configure:3834: $? = 0
configure:3844: result: yes
configure:3812: checking for strings.h
configure:3825: gcc -c -g -O2  conftest.c >&5
configure:3828: $? = 0
configure:3831: test -s conftest.o
configure:3834: $? = 0
configure:3844: result: yes
configure:3812: checking for inttypes.h
configure:3825: gcc -c -g -O2  conftest.c >&5
configure:3828: $? = 0
configure:3831: test -s conftest.o
configure:3834: $? = 0
configure:3844: result: yes
configure:3812: checking for stdint.h
configure:3825: gcc -c -g -O2  conftest.c >&5
configure:3828: $? = 0
configure:3831: test -s conftest.o
configure:3834: $? = 0
configure:3844: result: yes
configure:3812: checking for unistd.h
configure:3825: gcc -c -g -O2  conftest.c >&5
configure:3828: $? = 0
configure:3831: test -s conftest.o
configure:3834: $? = 0
configure:3844: result: yes
configure:3858: checking for function prototypes
configure:3861: result: yes
configure:3875: checking for ANSI C header files
configure:3889: gcc -E  conftest.c
configure:3895: $? = 0
configure:3982: gcc -o conftest -g -O2   conftest.c  >&5
configure:3973:7: warning: implicitly declaring library function 'exit' with type 'void (int) __attribute__((noreturn))'
      exit(2);
      ^
configure:3973:7: note: please include the header <stdlib.h> or explicitly provide a declaration for 'exit'
1 warning generated.
configure:3985: $? = 0
configure:3987: ./conftest
configure:3990: $? = 0
configure:4004: result: yes
configure:4019: checking for string.h
configure:4024: result: yes
configure:4218: checking for ld used by GCC
configure:4281: result: /Applications/Xcode.app/Contents/Developer/Toolchains/XcodeDefault.xctoolchain/usr/bin/ld
configure:4290: checking if the linker (/Applications/Xcode.app/Contents/Developer/Toolchains/XcodeDefault.xctoolchain/usr/bin/ld) is GNU ld
configure:4302: result: no
configure:4307: checking for /Applications/Xcode.app/Contents/Developer/Toolchains/XcodeDefault.xctoolchain/usr/bin/ld option to reload object files
configure:4314: result: -r
configure:4319: checking for BSD-compatible nm
configure:4355: result: /usr/bin/nm
configure:4358: checking whether ln -s works
configure:4362: result: yes
configure:4369: checking how to recognise dependant libraries
configure:4547: result: file_magic Mach-O dynamically linked shared library
configure:4559: checking command to parse /usr/bin/nm output
configure:4640: gcc -c -g -O2  conftest.c >&5
configure:4643: $? = 0
configure:4647: /usr/bin/nm conftest.o \| sed -n -e 's/^.*[ 	]\([BCDEGRST][BCDEGRST]*\)[ 	][ 	]*\(\)\([_A-Za-z][_A-Za-z0-9]*\)$/\1 \2\3 \3/p' \> conftest.nm
configure:4650: $? = 0
cannot find nm_test_var in conftest.nm
configure:4640: gcc -c -g -O2  conftest.c >&5
configure:4643: $? = 0
configure:4647: /usr/bin/nm conftest.o \| sed -n -e 's/^.*[ 	]\([BCDEGRST][BCDEGRST]*\)[ 	][ 	]*\(_\)\([_A-Za-z][_A-Za-z0-9]*\)$/\1 \2\3 \3/p' \> conftest.nm
configure:4650: $? = 0
configure:4702: gcc -o conftest -g -O2   conftest.c conftstm.o >&5
configure:4705: $? = 0
configure:4749: result: ok
configure:4767: checking dlfcn.h usability
configure:4776: gcc -c -g -O2  conftest.c >&5
configure:4779: $? = 0
configure:4782: test -s conftest.o
configure:4785: $? = 0
configure:4794: result: yes
configure:4798: checking dlfcn.h presence
configure:4805: gcc -E  conftest.c
configure:4811: $? = 0
configure:4829: result: yes
configure:4847: checking for dlfcn.h
configure:4854: result: yes
configure:5051: checking for ranlib
configure:5067: found /usr/bin/ranlib
configure:5078: result: ranlib
configure:5131: checking for strip
configure:5147: found /usr/bin/strip
configure:5158: result: strip
configure:5369: checking for objdir
configure:5380: result: .libs
configure:5397: checking for gcc option to produce PIC
configure:5547: result: -fno-common
configure:5551: checking if gcc PIC flag -fno-common works
configure:5577: gcc -c -g -O2 -fno-common -DPIC  conftest.c >&5
configure:5580: $? = 0
configure:5583: test -s conftest.o
configure:5586: $? = 0
configure:5623: result: yes
configure:5639: checking if gcc static flag -static works
configure:5666: gcc -o conftest -g -O2   -static conftest.c  >&5
ld: library not found for -lcrt0.o
clang: error: linker command failed with exit code 1 (use -v to see invocation)
configure:5669: $? = 1
configure: failed program was:
#line 5647 "configure"
#include "confdefs.h"

#ifdef F77_DUMMY_MAIN
#  ifdef __cplusplus
     extern "C"
#  endif
   int F77_DUMMY_MAIN() { return 1; }
#endif
int
main ()
{

  ;
  return 0;
}
configure:5690: result: no
configure:5702: checking if gcc supports -c -o file.o
configure:5722: gcc -c -g -O2 -o out/conftest2.o  conftest.c >&5
configure:5746: result: yes
configure:5751: checking if gcc supports -c -o file.lo
configure:5781: gcc -c -g -O2 -c -o conftest.lo  conftest.c >&5
configure:5784: $? = 0
configure:5787: test -s conftest.lo
configure:5790: $? = 0
configure:5811: result: yes
configure:5842: checking if gcc supports -fno-rtti -fno-exceptions
configure:5867: gcc -c -g -O2 -fno-rtti -fno-exceptions -c conftest.c  conftest.c >&5
configure:5870: $? = 0
configure:5873: test -s conftest.o
configure:5876: $? = 0
configure:5892: result: yes
configure:5903: checking whether the linker (/Applications/Xcode.app/Contents/Developer/Toolchains/XcodeDefault.xctoolchain/usr/bin/ld) supports shared libraries
configure:6583: result: yes
configure:6588: checking how to hardcode library paths into programs
configure:6612: result: unsupported
configure:6617: checking whether stripping libraries is possible
configure:6625: result: no
configure:6633: checking dynamic linker characteristics
configure:7026: result: darwin13.0.3 dyld
configure:7031: checking if libtool supports shared libraries
configure:7033: result: yes
configure:7036: checking whether to build shared libraries
configure:7057: result: yes
configure:7060: checking whether to build static libraries
configure:7064: result: yes
configure:8350: checking for a BSD-compatible install
configure:8404: result: /usr/bin/install -c
configure:8460: checking alloca.h usability
configure:8469: gcc -c -Wall -g -O2  conftest.c >&5
configure:8472: $? = 0
configure:8475: test -s conftest.o
configure:8478: $? = 0
configure:8487: result: yes
configure:8491: checking alloca.h presence
configure:8498: gcc -E  conftest.c
configure:8504: $? = 0
configure:8522: result: yes
configure:8540: checking for alloca.h
configure:8547: result: yes
configure:8460: checking float.h usability
configure:8469: gcc -c -Wall -g -O2  conftest.c >&5
configure:8472: $? = 0
configure:8475: test -s conftest.o
configure:8478: $? = 0
configure:8487: result: yes
configure:8491: checking float.h presence
configure:8498: gcc -E  conftest.c
configure:8504: $? = 0
configure:8522: result: yes
configure:8540: checking for float.h
configure:8547: result: yes
configure:8460: checking libintl.h usability
configure:8469: gcc -c -Wall -g -O2  conftest.c >&5
configure:8497:10: fatal error: 'libintl.h' file not found
#include <libintl.h>
         ^
1 error generated.
configure:8472: $? = 1
configure: failed program was:
#line 8462 "configure"
#include "confdefs.h"
#include <stdio.h>
#if HAVE_SYS_TYPES_H
# include <sys/types.h>
#endif
#if HAVE_SYS_STAT_H
# include <sys/stat.h>
#endif
#if STDC_HEADERS
# include <stdlib.h>
# include <stddef.h>
#else
# if HAVE_STDLIB_H
#  include <stdlib.h>
# endif
#endif
#if HAVE_STRING_H
# if !STDC_HEADERS && HAVE_MEMORY_H
#  include <memory.h>
# endif
# include <string.h>
#endif
#if HAVE_STRINGS_H
# include <strings.h>
#endif
#if HAVE_INTTYPES_H
# include <inttypes.h>
#else
# if HAVE_STDINT_H
#  include <stdint.h>
# endif
#endif
#if HAVE_UNISTD_H
# include <unistd.h>
#endif
#include <libintl.h>
configure:8487: result: no
configure:8491: checking libintl.h presence
configure:8498: gcc -E  conftest.c
configure:8494:10: fatal error: 'libintl.h' file not found
#include <libintl.h>
         ^
1 error generated.
configure:8504: $? = 1
configure: failed program was:
#line 8493 "configure"
#include "confdefs.h"
#include <libintl.h>
configure:8522: result: no
configure:8540: checking for libintl.h
configure:8547: result: no
configure:8460: checking mcheck.h usability
configure:8469: gcc -c -Wall -g -O2  conftest.c >&5
configure:8497:10: fatal error: 'mcheck.h' file not found
#include <mcheck.h>
         ^
1 error generated.
configure:8472: $? = 1
configure: failed program was:
#line 8462 "configure"
#include "confdefs.h"
#include <stdio.h>
#if HAVE_SYS_TYPES_H
# include <sys/types.h>
#endif
#if HAVE_SYS_STAT_H
# include <sys/stat.h>
#endif
#if STDC_HEADERS
# include <stdlib.h>
# include <stddef.h>
#else
# if HAVE_STDLIB_H
#  include <stdlib.h>
# endif
#endif
#if HAVE_STRING_H
# if !STDC_HEADERS && HAVE_MEMORY_H
#  include <memory.h>
# endif
# include <string.h>
#endif
#if HAVE_STRINGS_H
# include <strings.h>
#endif
#if HAVE_INTTYPES_H
# include <inttypes.h>
#else
# if HAVE_STDINT_H
#  include <stdint.h>
# endif
#endif
#if HAVE_UNISTD_H
# include <unistd.h>
#endif
#include <mcheck.h>
configure:8487: result: no
configure:8491: checking mcheck.h presence
configure:8498: gcc -E  conftest.c
configure:8494:10: fatal error: 'mcheck.h' file not found
#include <mcheck.h>
         ^
1 error generated.
configure:8504: $? = 1
configure: failed program was:
#line 8493 "configure"
#include "confdefs.h"
#include <mcheck.h>
configure:8522: result: no
configure:8540: checking for mcheck.h
configure:8547: result: no
configure:8451: checking for unistd.h
configure:8456: result: yes
configure:8560: checking for /usr/ucblib in LIBS
configure:8572: result: no
configure:8583: checking for strerror
configure:8626: gcc -o conftest -Wall -g -O2   conftest.c  >&5
configure:8598:6: warning: incompatible redeclaration of library function 'strerror' [-Wincompatible-library-redeclaration]
char strerror ();
     ^
configure:8598:6: note: 'strerror' is a builtin with type 'char *(int)'
1 warning generated.
configure:8629: $? = 0
configure:8632: test -s conftest
configure:8635: $? = 0
configure:8645: result: yes
configure:8583: checking for mtrace
configure:8626: gcc -o conftest -Wall -g -O2   conftest.c  >&5
Undefined symbols for architecture x86_64:
  "_mtrace", referenced from:
      _main in conftest-pDSAVF.o
ld: symbol(s) not found for architecture x86_64
clang: error: linker command failed with exit code 1 (use -v to see invocation)
configure:8629: $? = 1
configure: failed program was:
#line 8588 "configure"
#include "confdefs.h"
/* System header to define __stub macros and hopefully few prototypes,
    which can conflict with char mtrace (); below.  */
#include <assert.h>
/* Override any gcc2 internal prototype to avoid an error.  */
#ifdef __cplusplus
extern "C"
#endif
/* We use char because int might match the return type of a gcc2
   builtin and then its argument prototype would still apply.  */
char mtrace ();
char (*f) ();

#ifdef F77_DUMMY_MAIN
#  ifdef __cplusplus
     extern "C"
#  endif
   int F77_DUMMY_MAIN() { return 1; }
#endif
int
main ()
{
/* The GNU C library defines this for functions which it implements
    to always fail with ENOSYS.  Some functions are actually named
    something starting with __ and the normal name is an alias.  */
#if defined (__stub_mtrace) || defined (__stub___mtrace)
choke me
#else
f = mtrace;
#endif

  ;
  return 0;
}
configure:8645: result: no
configure:8583: checking for getuid
configure:8626: gcc -o conftest -Wall -g -O2   conftest.c  >&5
configure:8629: $? = 0
configure:8632: test -s conftest
configure:8635: $? = 0
configure:8645: result: yes
configure:8583: checking for geteuid
configure:8626: gcc -o conftest -Wall -g -O2   conftest.c  >&5
configure:8629: $? = 0
configure:8632: test -s conftest
configure:8635: $? = 0
configure:8645: result: yes
configure:8655: checking for setreuid
configure:8698: gcc -o conftest -Wall -g -O2   conftest.c  >&5
configure:8701: $? = 0
configure:8704: test -s conftest
configure:8707: $? = 0
configure:8717: result: yes
configure:8801: checking for msgfmt
configure:8832: result: no
configure:8838: checking for gmsgfmt
configure:8869: result: :
configure:8879: checking for xgettext
configure:8910: result: no
configure:8918: checking for msgmerge
configure:8948: result: no
configure:9021: checking for ranlib
configure:9048: result: ranlib
configure:9060: checking for gcc option to accept ANSI C
configure:9123: gcc  -c -Wall -g -O2  conftest.c >&5
configure:9126: $? = 0
configure:9129: test -s conftest.o
configure:9132: $? = 0
configure:9149: result: none needed
configure:9157: checking for an ANSI C-conforming const
configure:9227: gcc -c -Wall -g -O2  conftest.c >&5
configure:9196:17: warning: unused variable 's' [-Wunused-variable]
    char const *s = 0 ? (char *) 0 : (char const *) 0;
                ^
configure:9216:15: warning: unused variable 'foo' [-Wunused-variable]
    const int foo = 10;
              ^
configure:9177:17: warning: unused variable 'x' [-Wunused-variable]
  const charset x;
                ^
configure:9183:29: warning: unused variable 'zero' [-Wunused-variable]
  static struct point const zero = {0,0};
                            ^
configure:9198:6: warning: variable 't' is uninitialized when used here [-Wuninitialized]
    *t++ = 0;
     ^
configure:9195:12: note: initialize the variable 't' to silence this warning
    char *t;
           ^
            = 0
configure:9213:18: warning: variable 'b' is uninitialized when used here [-Wuninitialized]
    struct s *b; b->j = 5;
                 ^
configure:9213:16: note: initialize the variable 'b' to silence this warning
    struct s *b; b->j = 5;
               ^
                = 0
6 warnings generated.
configure:9230: $? = 0
configure:9233: test -s conftest.o
configure:9236: $? = 0
configure:9246: result: yes
configure:9256: checking for inline
configure:9273: gcc -c -Wall -g -O2  conftest.c >&5
configure:9276: $? = 0
configure:9279: test -s conftest.o
configure:9282: $? = 0
configure:9293: result: inline
configure:9308: checking for off_t
configure:9335: gcc -c -Wall -g -O2  conftest.c >&5
configure:9338: $? = 0
configure:9341: test -s conftest.o
configure:9344: $? = 0
configure:9354: result: yes
configure:9366: checking for size_t
configure:9393: gcc -c -Wall -g -O2  conftest.c >&5
configure:9396: $? = 0
configure:9399: test -s conftest.o
configure:9402: $? = 0
configure:9412: result: yes
configure:9426: checking for working alloca.h
configure:9450: gcc -o conftest -Wall -g -O2   conftest.c  >&5
configure:9442:7: warning: unused variable 'p' [-Wunused-variable]
char *p = (char *) alloca (2 * sizeof (int));
      ^
1 warning generated.
configure:9453: $? = 0
configure:9456: test -s conftest
configure:9459: $? = 0
configure:9469: result: yes
configure:9479: checking for alloca
configure:9523: gcc -o conftest -Wall -g -O2   conftest.c  >&5
configure:9515:7: warning: unused variable 'p' [-Wunused-variable]
char *p = (char *) alloca (1);
      ^
1 warning generated.
configure:9526: $? = 0
configure:9529: test -s conftest
configure:9532: $? = 0
configure:9542: result: yes
configure:9738: checking for stdlib.h
configure:9743: result: yes
configure:9738: checking for unistd.h
configure:9743: result: yes
configure:9851: checking for getpagesize
configure:9894: gcc -o conftest -Wall -g -O2   conftest.c  >&5
configure:9897: $? = 0
configure:9900: test -s conftest
configure:9903: $? = 0
configure:9913: result: yes
configure:9923: checking for working mmap
configure:10062: gcc -o conftest -Wall -g -O2   conftest.c  >&5
configure:10065: $? = 0
configure:10067: ./conftest
configure:10070: $? = 0
configure:10083: result: yes
configure:10095: checking whether we are using the GNU C Library 2.1 or newer
configure:10102:10: fatal error: 'features.h' file not found
#include <features.h>
         ^
1 error generated.
configure:10123: result: no
configure:10131: checking whether integer division by zero raises SIGFPE
configure:10190: gcc -o conftest -Wall -g -O2   conftest.c  >&5
configure:10193: $? = 0
configure:10195: ./conftest
configure:10198: $? = 0
configure:10212: result: yes
configure:10225: checking for inttypes.h
configure:10250: gcc -c -Wall -g -O2  conftest.c >&5
configure:10242:11: warning: unused variable 'i' [-Wunused-variable]
uintmax_t i = (uintmax_t) -1;
          ^
1 warning generated.
configure:10253: $? = 0
configure:10256: test -s conftest.o
configure:10259: $? = 0
configure:10269: result: yes
configure:10280: checking for stdint.h
configure:10305: gcc -c -Wall -g -O2  conftest.c >&5
configure:10297:11: warning: unused variable 'i' [-Wunused-variable]
uintmax_t i = (uintmax_t) -1;
          ^
1 warning generated.
configure:10308: $? = 0
configure:10311: test -s conftest.o
configure:10314: $? = 0
configure:10324: result: yes
configure:10335: checking for unsigned long long
configure:10360: gcc -o conftest -Wall -g -O2   conftest.c  >&5
configure:10363: $? = 0
configure:10366: test -s conftest
configure:10369: $? = 0
configure:10379: result: yes
configure:10405: checking for inttypes.h
configure:10431: gcc -c -Wall -g -O2  conftest.c >&5
configure:10434: $? = 0
configure:10437: test -s conftest.o
configure:10440: $? = 0
configure:10451: result: yes
configure:10464: checking whether the inttypes.h PRIxNN macros are broken
configure:10493: gcc -c -Wall -g -O2  conftest.c >&5
configure:10496: $? = 0
configure:10499: test -s conftest.o
configure:10502: $? = 0
configure:10513: result: no
configure:10551: checking for ld used by GCC
configure:10614: result: /Applications/Xcode.app/Contents/Developer/Toolchains/XcodeDefault.xctoolchain/usr/bin/ld
configure:10623: checking if the linker (/Applications/Xcode.app/Contents/Developer/Toolchains/XcodeDefault.xctoolchain/usr/bin/ld) is GNU ld
configure:10635: result: no
configure:10641: checking for shared library run path origin
configure:10654: result: done
configure:11082: checking argz.h usability
configure:11091: gcc -c -Wall -g -O2  conftest.c >&5
configure:11119:10: fatal error: 'argz.h' file not found
#include <argz.h>
         ^
1 error generated.
configure:11094: $? = 1
configure: failed program was:
#line 11084 "configure"
#include "confdefs.h"
#include <stdio.h>
#if HAVE_SYS_TYPES_H
# include <sys/types.h>
#endif
#if HAVE_SYS_STAT_H
# include <sys/stat.h>
#endif
#if STDC_HEADERS
# include <stdlib.h>
# include <stddef.h>
#else
# if HAVE_STDLIB_H
#  include <stdlib.h>
# endif
#endif
#if HAVE_STRING_H
# if !STDC_HEADERS && HAVE_MEMORY_H
#  include <memory.h>
# endif
# include <string.h>
#endif
#if HAVE_STRINGS_H
# include <strings.h>
#endif
#if HAVE_INTTYPES_H
# include <inttypes.h>
#else
# if HAVE_STDINT_H
#  include <stdint.h>
# endif
#endif
#if HAVE_UNISTD_H
# include <unistd.h>
#endif
#include <argz.h>
configure:11109: result: no
configure:11113: checking argz.h presence
configure:11120: gcc -E  conftest.c
configure:11116:10: fatal error: 'argz.h' file not found
#include <argz.h>
         ^
1 error generated.
configure:11126: $? = 1
configure: failed program was:
#line 11115 "configure"
#include "confdefs.h"
#include <argz.h>
configure:11144: result: no
configure:11162: checking for argz.h
configure:11169: result: no
configure:11082: checking limits.h usability
configure:11091: gcc -c -Wall -g -O2  conftest.c >&5
configure:11094: $? = 0
configure:11097: test -s conftest.o
configure:11100: $? = 0
configure:11109: result: yes
configure:11113: checking limits.h presence
configure:11120: gcc -E  conftest.c
configure:11126: $? = 0
configure:11144: result: yes
configure:11162: checking for limits.h
configure:11169: result: yes
configure:11082: checking locale.h usability
configure:11091: gcc -c -Wall -g -O2  conftest.c >&5
configure:11094: $? = 0
configure:11097: test -s conftest.o
configure:11100: $? = 0
configure:11109: result: yes
configure:11113: checking locale.h presence
configure:11120: gcc -E  conftest.c
configure:11126: $? = 0
configure:11144: result: yes
configure:11162: checking for locale.h
configure:11169: result: yes
configure:11082: checking nl_types.h usability
configure:11091: gcc -c -Wall -g -O2  conftest.c >&5
configure:11094: $? = 0
configure:11097: test -s conftest.o
configure:11100: $? = 0
configure:11109: result: yes
configure:11113: checking nl_types.h presence
configure:11120: gcc -E  conftest.c
configure:11126: $? = 0
configure:11144: result: yes
configure:11162: checking for nl_types.h
configure:11169: result: yes
configure:11082: checking malloc.h usability
configure:11091: gcc -c -Wall -g -O2  conftest.c >&5
configure:11119:10: fatal error: 'malloc.h' file not found
#include <malloc.h>
         ^
1 error generated.
configure:11094: $? = 1
configure: failed program was:
#line 11084 "configure"
#include "confdefs.h"
#include <stdio.h>
#if HAVE_SYS_TYPES_H
# include <sys/types.h>
#endif
#if HAVE_SYS_STAT_H
# include <sys/stat.h>
#endif
#if STDC_HEADERS
# include <stdlib.h>
# include <stddef.h>
#else
# if HAVE_STDLIB_H
#  include <stdlib.h>
# endif
#endif
#if HAVE_STRING_H
# if !STDC_HEADERS && HAVE_MEMORY_H
#  include <memory.h>
# endif
# include <string.h>
#endif
#if HAVE_STRINGS_H
# include <strings.h>
#endif
#if HAVE_INTTYPES_H
# include <inttypes.h>
#else
# if HAVE_STDINT_H
#  include <stdint.h>
# endif
#endif
#if HAVE_UNISTD_H
# include <unistd.h>
#endif
#include <malloc.h>
configure:11109: result: no
configure:11113: checking malloc.h presence
configure:11120: gcc -E  conftest.c
configure:11116:10: fatal error: 'malloc.h' file not found
#include <malloc.h>
         ^
1 error generated.
configure:11126: $? = 1
configure: failed program was:
#line 11115 "configure"
#include "confdefs.h"
#include <malloc.h>
configure:11144: result: no
configure:11162: checking for malloc.h
configure:11169: result: no
configure:11082: checking stddef.h usability
configure:11091: gcc -c -Wall -g -O2  conftest.c >&5
configure:11094: $? = 0
configure:11097: test -s conftest.o
configure:11100: $? = 0
configure:11109: result: yes
configure:11113: checking stddef.h presence
configure:11120: gcc -E  conftest.c
configure:11126: $? = 0
configure:11144: result: yes
configure:11162: checking for stddef.h
configure:11169: result: yes
configure:11073: checking for stdlib.h
configure:11078: result: yes
configure:11073: checking for string.h
configure:11078: result: yes
configure:11073: checking for unistd.h
configure:11078: result: yes
configure:11082: checking sys/param.h usability
configure:11091: gcc -c -Wall -g -O2  conftest.c >&5
configure:11094: $? = 0
configure:11097: test -s conftest.o
configure:11100: $? = 0
configure:11109: result: yes
configure:11113: checking sys/param.h presence
configure:11120: gcc -E  conftest.c
configure:11126: $? = 0
configure:11144: result: yes
configure:11162: checking for sys/param.h
configure:11169: result: yes
configure:11208: checking for feof_unlocked
configure:11251: gcc -o conftest -Wall -g -O2   conftest.c  >&5
configure:11254: $? = 0
configure:11257: test -s conftest
configure:11260: $? = 0
configure:11270: result: yes
configure:11208: checking for fgets_unlocked
configure:11251: gcc -o conftest -Wall -g -O2   conftest.c  >&5
Undefined symbols for architecture x86_64:
  "_fgets_unlocked", referenced from:
      _main in conftest-24dWwq.o
ld: symbol(s) not found for architecture x86_64
clang: error: linker command failed with exit code 1 (use -v to see invocation)
configure:11254: $? = 1
configure: failed program was:
#line 11213 "configure"
#include "confdefs.h"
/* System header to define __stub macros and hopefully few prototypes,
    which can conflict with char fgets_unlocked (); below.  */
#include <assert.h>
/* Override any gcc2 internal prototype to avoid an error.  */
#ifdef __cplusplus
extern "C"
#endif
/* We use char because int might match the return type of a gcc2
   builtin and then its argument prototype would still apply.  */
char fgets_unlocked ();
char (*f) ();

#ifdef F77_DUMMY_MAIN
#  ifdef __cplusplus
     extern "C"
#  endif
   int F77_DUMMY_MAIN() { return 1; }
#endif
int
main ()
{
/* The GNU C library defines this for functions which it implements
    to always fail with ENOSYS.  Some functions are actually named
    something starting with __ and the normal name is an alias.  */
#if defined (__stub_fgets_unlocked) || defined (__stub___fgets_unlocked)
choke me
#else
f = fgets_unlocked;
#endif

  ;
  return 0;
}
configure:11270: result: no
configure:11208: checking for getc_unlocked
configure:11251: gcc -o conftest -Wall -g -O2   conftest.c  >&5
configure:11254: $? = 0
configure:11257: test -s conftest
configure:11260: $? = 0
configure:11270: result: yes
configure:11208: checking for getcwd
configure:11251: gcc -o conftest -Wall -g -O2   conftest.c  >&5
configure:11254: $? = 0
configure:11257: test -s conftest
configure:11260: $? = 0
configure:11270: result: yes
configure:11208: checking for getegid
configure:11251: gcc -o conftest -Wall -g -O2   conftest.c  >&5
configure:11254: $? = 0
configure:11257: test -s conftest
configure:11260: $? = 0
configure:11270: result: yes
configure:11208: checking for geteuid
configure:11270: result: yes
configure:11208: checking for getgid
configure:11251: gcc -o conftest -Wall -g -O2   conftest.c  >&5
configure:11254: $? = 0
configure:11257: test -s conftest
configure:11260: $? = 0
configure:11270: result: yes
configure:11208: checking for getuid
configure:11270: result: yes
configure:11208: checking for mempcpy
configure:11251: gcc -o conftest -Wall -g -O2   conftest.c  >&5
Undefined symbols for architecture x86_64:
  "_mempcpy", referenced from:
      _main in conftest-RN1azy.o
ld: symbol(s) not found for architecture x86_64
clang: error: linker command failed with exit code 1 (use -v to see invocation)
configure:11254: $? = 1
configure: failed program was:
#line 11213 "configure"
#include "confdefs.h"
/* System header to define __stub macros and hopefully few prototypes,
    which can conflict with char mempcpy (); below.  */
#include <assert.h>
/* Override any gcc2 internal prototype to avoid an error.  */
#ifdef __cplusplus
extern "C"
#endif
/* We use char because int might match the return type of a gcc2
   builtin and then its argument prototype would still apply.  */
char mempcpy ();
char (*f) ();

#ifdef F77_DUMMY_MAIN
#  ifdef __cplusplus
     extern "C"
#  endif
   int F77_DUMMY_MAIN() { return 1; }
#endif
int
main ()
{
/* The GNU C library defines this for functions which it implements
    to always fail with ENOSYS.  Some functions are actually named
    something starting with __ and the normal name is an alias.  */
#if defined (__stub_mempcpy) || defined (__stub___mempcpy)
choke me
#else
f = mempcpy;
#endif

  ;
  return 0;
}
configure:11270: result: no
configure:11208: checking for munmap
configure:11251: gcc -o conftest -Wall -g -O2   conftest.c  >&5
configure:11254: $? = 0
configure:11257: test -s conftest
configure:11260: $? = 0
configure:11270: result: yes
configure:11208: checking for putenv
configure:11251: gcc -o conftest -Wall -g -O2   conftest.c  >&5
configure:11254: $? = 0
configure:11257: test -s conftest
configure:11260: $? = 0
configure:11270: result: yes
configure:11208: checking for setenv
configure:11251: gcc -o conftest -Wall -g -O2   conftest.c  >&5
configure:11254: $? = 0
configure:11257: test -s conftest
configure:11260: $? = 0
configure:11270: result: yes
configure:11208: checking for setlocale
configure:11251: gcc -o conftest -Wall -g -O2   conftest.c  >&5
configure:11254: $? = 0
configure:11257: test -s conftest
configure:11260: $? = 0
configure:11270: result: yes
configure:11208: checking for stpcpy
configure:11251: gcc -o conftest -Wall -g -O2   conftest.c  >&5
configure:11223:6: warning: incompatible redeclaration of library function 'stpcpy' [-Wincompatible-library-redeclaration]
char stpcpy ();
     ^
configure:11223:6: note: 'stpcpy' is a builtin with type 'char *(char *, const char *)'
1 warning generated.
configure:11254: $? = 0
configure:11257: test -s conftest
configure:11260: $? = 0
configure:11270: result: yes
configure:11208: checking for strcasecmp
configure:11251: gcc -o conftest -Wall -g -O2   conftest.c  >&5
configure:11223:6: warning: incompatible redeclaration of library function 'strcasecmp' [-Wincompatible-library-redeclaration]
char strcasecmp ();
     ^
configure:11223:6: note: 'strcasecmp' is a builtin with type 'int (const char *, const char *)'
1 warning generated.
configure:11254: $? = 0
configure:11257: test -s conftest
configure:11260: $? = 0
configure:11270: result: yes
configure:11208: checking for strdup
configure:11251: gcc -o conftest -Wall -g -O2   conftest.c  >&5
configure:11223:6: warning: incompatible redeclaration of library function 'strdup' [-Wincompatible-library-redeclaration]
char strdup ();
     ^
configure:11223:6: note: 'strdup' is a builtin with type 'char *(const char *)'
1 warning generated.
configure:11254: $? = 0
configure:11257: test -s conftest
configure:11260: $? = 0
configure:11270: result: yes
configure:11208: checking for strtoul
configure:11251: gcc -o conftest -Wall -g -O2   conftest.c  >&5
configure:11254: $? = 0
configure:11257: test -s conftest
configure:11260: $? = 0
configure:11270: result: yes
configure:11208: checking for tsearch
configure:11251: gcc -o conftest -Wall -g -O2   conftest.c  >&5
configure:11254: $? = 0
configure:11257: test -s conftest
configure:11260: $? = 0
configure:11270: result: yes
configure:11208: checking for __argz_count
configure:11251: gcc -o conftest -Wall -g -O2   conftest.c  >&5
Undefined symbols for architecture x86_64:
  "___argz_count", referenced from:
      _main in conftest-f2SfEC.o
ld: symbol(s) not found for architecture x86_64
clang: error: linker command failed with exit code 1 (use -v to see invocation)
configure:11254: $? = 1
configure: failed program was:
#line 11213 "configure"
#include "confdefs.h"
/* System header to define __stub macros and hopefully few prototypes,
    which can conflict with char __argz_count (); below.  */
#include <assert.h>
/* Override any gcc2 internal prototype to avoid an error.  */
#ifdef __cplusplus
extern "C"
#endif
/* We use char because int might match the return type of a gcc2
   builtin and then its argument prototype would still apply.  */
char __argz_count ();
char (*f) ();

#ifdef F77_DUMMY_MAIN
#  ifdef __cplusplus
     extern "C"
#  endif
   int F77_DUMMY_MAIN() { return 1; }
#endif
int
main ()
{
/* The GNU C library defines this for functions which it implements
    to always fail with ENOSYS.  Some functions are actually named
    something starting with __ and the normal name is an alias.  */
#if defined (__stub___argz_count) || defined (__stub_____argz_count)
choke me
#else
f = __argz_count;
#endif

  ;
  return 0;
}
configure:11270: result: no
configure:11208: checking for __argz_stringify
configure:11251: gcc -o conftest -Wall -g -O2   conftest.c  >&5
Undefined symbols for architecture x86_64:
  "___argz_stringify", referenced from:
      _main in conftest-PLV7jQ.o
ld: symbol(s) not found for architecture x86_64
clang: error: linker command failed with exit code 1 (use -v to see invocation)
configure:11254: $? = 1
configure: failed program was:
#line 11213 "configure"
#include "confdefs.h"
/* System header to define __stub macros and hopefully few prototypes,
    which can conflict with char __argz_stringify (); below.  */
#include <assert.h>
/* Override any gcc2 internal prototype to avoid an error.  */
#ifdef __cplusplus
extern "C"
#endif
/* We use char because int might match the return type of a gcc2
   builtin and then its argument prototype would still apply.  */
char __argz_stringify ();
char (*f) ();

#ifdef F77_DUMMY_MAIN
#  ifdef __cplusplus
     extern "C"
#  endif
   int F77_DUMMY_MAIN() { return 1; }
#endif
int
main ()
{
/* The GNU C library defines this for functions which it implements
    to always fail with ENOSYS.  Some functions are actually named
    something starting with __ and the normal name is an alias.  */
#if defined (__stub___argz_stringify) || defined (__stub_____argz_stringify)
choke me
#else
f = __argz_stringify;
#endif

  ;
  return 0;
}
configure:11270: result: no
configure:11208: checking for __argz_next
configure:11251: gcc -o conftest -Wall -g -O2   conftest.c  >&5
Undefined symbols for architecture x86_64:
  "___argz_next", referenced from:
      _main in conftest-mOxxaQ.o
ld: symbol(s) not found for architecture x86_64
clang: error: linker command failed with exit code 1 (use -v to see invocation)
configure:11254: $? = 1
configure: failed program was:
#line 11213 "configure"
#include "confdefs.h"
/* System header to define __stub macros and hopefully few prototypes,
    which can conflict with char __argz_next (); below.  */
#include <assert.h>
/* Override any gcc2 internal prototype to avoid an error.  */
#ifdef __cplusplus
extern "C"
#endif
/* We use char because int might match the return type of a gcc2
   builtin and then its argument prototype would still apply.  */
char __argz_next ();
char (*f) ();

#ifdef F77_DUMMY_MAIN
#  ifdef __cplusplus
     extern "C"
#  endif
   int F77_DUMMY_MAIN() { return 1; }
#endif
int
main ()
{
/* The GNU C library defines this for functions which it implements
    to always fail with ENOSYS.  Some functions are actually named
    something starting with __ and the normal name is an alias.  */
#if defined (__stub___argz_next) || defined (__stub_____argz_next)
choke me
#else
f = __argz_next;
#endif

  ;
  return 0;
}
configure:11270: result: no
configure:11311: checking for iconv
configure:11341: gcc -o conftest -Wall -g -O2   conftest.c  >&5
Undefined symbols for architecture x86_64:
  "_iconv", referenced from:
      _main in conftest-V18u9o.o
  "_iconv_close", referenced from:
      _main in conftest-V18u9o.o
  "_iconv_open", referenced from:
      _main in conftest-V18u9o.o
ld: symbol(s) not found for architecture x86_64
clang: error: linker command failed with exit code 1 (use -v to see invocation)
configure:11344: $? = 1
configure: failed program was:
#line 11319 "configure"
#include "confdefs.h"
#include <stdlib.h>
#include <iconv.h>
#ifdef F77_DUMMY_MAIN
#  ifdef __cplusplus
     extern "C"
#  endif
   int F77_DUMMY_MAIN() { return 1; }
#endif
int
main ()
{
iconv_t cd = iconv_open("","");
       iconv(cd,NULL,NULL,NULL,NULL);
       iconv_close(cd);
  ;
  return 0;
}
configure:11383: gcc -o conftest -Wall -g -O2   conftest.c  -liconv >&5
configure:11386: $? = 0
configure:11389: test -s conftest
configure:11392: $? = 0
configure:11405: result: yes
configure:11415: checking how to link with libiconv
configure:11417: result: -liconv
configure:11428: checking for iconv declaration
configure:11465: gcc -c -Wall -g -O2  conftest.c >&5
configure:11468: $? = 0
configure:11471: test -s conftest.o
configure:11474: $? = 0
configure:11488: result: 
         extern size_t iconv (iconv_t cd, char * *inbuf, size_t *inbytesleft, char * *outbuf, size_t *outbytesleft);
configure:11499: checking for nl_langinfo and CODESET
configure:11523: gcc -o conftest -Wall -g -O2   conftest.c  >&5
configure:11515:7: warning: unused variable 'cs' [-Wunused-variable]
char* cs = nl_langinfo(CODESET);
      ^
1 warning generated.
configure:11526: $? = 0
configure:11529: test -s conftest
configure:11532: $? = 0
configure:11543: result: yes
configure:11555: checking for LC_MESSAGES
configure:11579: gcc -o conftest -Wall -g -O2   conftest.c  >&5
configure:11582: $? = 0
configure:11585: test -s conftest
configure:11588: $? = 0
configure:11598: result: yes
configure:11614: checking for bison
configure:11630: found /usr/bin/bison
configure:11640: result: bison
configure:11653: checking version of bison
configure:11662: result: 2.3, ok
configure:11683: checking whether NLS is requested
configure:11692: result: yes
configure:11707: checking whether included gettext is requested
configure:11717: result: no
configure:11728: checking for GNU gettext in libc
configure:11755: gcc -o conftest -Wall -g -O2   conftest.c  >&5
configure:11734:10: fatal error: 'libintl.h' file not found
#include <libintl.h>
         ^
1 error generated.
configure:11758: $? = 1
configure: failed program was:
#line 11733 "configure"
#include "confdefs.h"
#include <libintl.h>
extern int _nl_msg_cat_cntr;
extern int *_nl_domain_bindings;
#ifdef F77_DUMMY_MAIN
#  ifdef __cplusplus
     extern "C"
#  endif
   int F77_DUMMY_MAIN() { return 1; }
#endif
int
main ()
{
bindtextdomain ("", "");
return (int) gettext ("") + _nl_msg_cat_cntr + *_nl_domain_bindings
  ;
  return 0;
}
configure:11774: result: no
configure:12157: checking for GNU gettext in libintl
configure:12192: gcc -o conftest -Wall -g -O2    conftest.c  -lintl >&5
configure:12167:10: fatal error: 'libintl.h' file not found
#include <libintl.h>
         ^
1 error generated.
configure:12195: $? = 1
configure: failed program was:
#line 12166 "configure"
#include "confdefs.h"
#include <libintl.h>
extern int _nl_msg_cat_cntr;
extern
#ifdef __cplusplus
"C"
#endif
const char *_nl_expand_alias ();
#ifdef F77_DUMMY_MAIN
#  ifdef __cplusplus
     extern "C"
#  endif
   int F77_DUMMY_MAIN() { return 1; }
#endif
int
main ()
{
bindtextdomain ("", "");
return (int) gettext ("") + _nl_msg_cat_cntr + *_nl_expand_alias (0)
  ;
  return 0;
}
configure:12238: gcc -o conftest -Wall -g -O2    conftest.c  -lintl -liconv >&5
configure:12213:10: fatal error: 'libintl.h' file not found
#include <libintl.h>
         ^
1 error generated.
configure:12241: $? = 1
configure: failed program was:
#line 12212 "configure"
#include "confdefs.h"
#include <libintl.h>
extern int _nl_msg_cat_cntr;
extern
#ifdef __cplusplus
"C"
#endif
const char *_nl_expand_alias ();
#ifdef F77_DUMMY_MAIN
#  ifdef __cplusplus
     extern "C"
#  endif
   int F77_DUMMY_MAIN() { return 1; }
#endif
int
main ()
{
bindtextdomain ("", "");
return (int) gettext ("") + _nl_msg_cat_cntr + *_nl_expand_alias (0)
  ;
  return 0;
}
configure:12262: result: no
configure:12487: creating ./config.status

## ---------------------- ##
## Running config.status. ##
## ---------------------- ##

This file was extended by config.status, which was
generated by GNU Autoconf 2.53.  Invocation command line was

  CONFIG_FILES    = 
  CONFIG_HEADERS  = 
  CONFIG_LINKS    = 
  CONFIG_COMMANDS = 
  $ ./config.status 

on Matilda.local

config.status:654: creating Doxyfile
config.status:654: creating Makefile
config.status:654: creating intl/Makefile
config.status:654: creating po/Makefile.in
config.status:758: creating config.h
config.status:981: config.h is unchanged
config.status:1082: executing depfiles commands
config.status:1082: executing default-1 commands

## ---------------- ##
## Cache variables. ##
## ---------------- ##

ac_cv_build=i386-apple-darwin13.0.3
ac_cv_build_alias=i386-apple-darwin13.0.3
ac_cv_c_compiler_gnu=yes
ac_cv_c_const=yes
ac_cv_c_inline=inline
ac_cv_env_CC_set=
ac_cv_env_CC_value=
ac_cv_env_CFLAGS_set=
ac_cv_env_CFLAGS_value=
ac_cv_env_CPPFLAGS_set=
ac_cv_env_CPPFLAGS_value=
ac_cv_env_CPP_set=
ac_cv_env_CPP_value=
ac_cv_env_LDFLAGS_set=
ac_cv_env_LDFLAGS_value=
ac_cv_env_build_alias_set=
ac_cv_env_build_alias_value=
ac_cv_env_host_alias_set=
ac_cv_env_host_alias_value=
ac_cv_env_target_alias_set=
ac_cv_env_target_alias_value=
ac_cv_exeext=
ac_cv_func___argz_count=no
ac_cv_func___argz_next=no
ac_cv_func___argz_stringify=no
ac_cv_func_alloca_works=yes
ac_cv_func_feof_unlocked=yes
ac_cv_func_fgets_unlocked=no
ac_cv_func_getc_unlocked=yes
ac_cv_func_getcwd=yes
ac_cv_func_getegid=yes
ac_cv_func_geteuid=yes
ac_cv_func_getgid=yes
ac_cv_func_getpagesize=yes
ac_cv_func_getuid=yes
ac_cv_func_mempcpy=no
ac_cv_func_mmap_fixed_mapped=yes
ac_cv_func_mtrace=no
ac_cv_func_munmap=yes
ac_cv_func_putenv=yes
ac_cv_func_setenv=yes
ac_cv_func_setlocale=yes
ac_cv_func_setreuid=yes
ac_cv_func_stpcpy=yes
ac_cv_func_strcasecmp=yes
ac_cv_func_strdup=yes
ac_cv_func_strerror=yes
ac_cv_func_strtoul=yes
ac_cv_func_tsearch=yes
ac_cv_gnu_library_2_1=no
ac_cv_header_alloca_h=yes
ac_cv_header_argz_h=no
ac_cv_header_dlfcn_h=yes
ac_cv_header_float_h=yes
ac_cv_header_inttypes_h=yes
ac_cv_header_libintl_h=no
ac_cv_header_limits_h=yes
ac_cv_header_locale_h=yes
ac_cv_header_malloc_h=no
ac_cv_header_mcheck_h=no
ac_cv_header_memory_h=yes
ac_cv_header_nl_types_h=yes
ac_cv_header_stdc=yes
ac_cv_header_stddef_h=yes
ac_cv_header_stdint_h=yes
ac_cv_header_stdlib_h=yes
ac_cv_header_string_h=yes
ac_cv_header_strings_h=yes
ac_cv_header_sys_param_h=yes
ac_cv_header_sys_stat_h=yes
ac_cv_header_sys_types_h=yes
ac_cv_header_unistd_h=yes
ac_cv_host=i386-apple-darwin13.0.3
ac_cv_host_alias=i386-apple-darwin13.0.3
ac_cv_lib_cposix_strerror=no
ac_cv_objext=o
ac_cv_path_GMSGFMT=:
ac_cv_path_MSGFMT=:
ac_cv_path_MSGMERGE=:
ac_cv_path_XGETTEXT=:
ac_cv_path_install='/usr/bin/install -c'
ac_cv_prog_AWK=awk
ac_cv_prog_CPP='gcc -E'
ac_cv_prog_INTLBISON=bison
ac_cv_prog_ac_ct_CC=gcc
ac_cv_prog_ac_ct_RANLIB=ranlib
ac_cv_prog_ac_ct_STRIP=strip
ac_cv_prog_cc_g=yes
ac_cv_prog_cc_stdc=
ac_cv_prog_gcc_traditional=no
ac_cv_prog_make_make_set=yes
ac_cv_target=i386-apple-darwin13.0.3
ac_cv_target_alias=i386-apple-darwin13.0.3
ac_cv_type_off_t=yes
ac_cv_type_size_t=yes
ac_cv_type_unsigned_long_long=yes
ac_cv_working_alloca_h=yes
acl_cv_path_LD=/Applications/Xcode.app/Contents/Developer/Toolchains/XcodeDefault.xctoolchain/usr/bin/ld
acl_cv_prog_gnu_ld=no
acl_cv_rpath=done
am_cv_CC_dependencies_compiler_type=gcc3
am_cv_func_iconv=yes
am_cv_langinfo_codeset=yes
am_cv_lib_iconv=yes
am_cv_prog_cc_stdc=
am_cv_proto_iconv='extern size_t iconv (iconv_t cd, char * *inbuf, size_t *inbytesleft, char * *outbuf, size_t *outbytesleft);'
am_cv_proto_iconv_arg1=
am_cv_val_LC_MESSAGES=yes
gt_cv_func_gnugettext1_libc=no
gt_cv_func_gnugettext1_libintl=no
gt_cv_header_inttypes_h=yes
gt_cv_int_divbyzero_sigfpe=yes
gt_cv_inttypes_pri_broken=no
jm_ac_cv_header_inttypes_h=yes
jm_ac_cv_header_stdint_h=yes
lt_cv_compiler_c_o=yes
lt_cv_compiler_o_lo=yes
lt_cv_deplibs_check_method='file_magic Mach-O dynamically linked shared library'
lt_cv_file_magic_cmd='/usr/bin/file -L'
lt_cv_file_magic_test_file=/usr/lib/libSystem.dylib
lt_cv_global_symbol_to_c_name_address='sed -n -e '\''s/^: \([^ ]*\) $/  {\"\1\", (lt_ptr) 0},/p'\'' -e '\''s/^[BCDEGRST] \([^ ]*\) \([^ ]*\)$/  {"\2", (lt_ptr) \&\2},/p'\'''
lt_cv_global_symbol_to_cdecl='sed -n -e '\''s/^. .* \(.*\)$/extern char \1;/p'\'''
lt_cv_ld_reload_flag=-r
lt_cv_path_LD=/Applications/Xcode.app/Contents/Developer/Toolchains/XcodeDefault.xctoolchain/usr/bin/ld
lt_cv_path_NM=/usr/bin/nm
lt_cv_prog_cc_can_build_shared=yes
lt_cv_prog_cc_no_builtin=
lt_cv_prog_cc_pic=' -fno-common'
lt_cv_prog_cc_pic_works=yes
lt_cv_prog_cc_shlib=
lt_cv_prog_cc_static=
lt_cv_prog_cc_static_works=no
lt_cv_prog_cc_wl=-Wl,
lt_cv_prog_gnu_ld=no
lt_cv_sys_global_symbol_pipe='sed -n -e '\''s/^.*[ 	]\([BCDEGRST][BCDEGRST]*\)[ 	][ 	]*\(_\)\([_A-Za-z][_A-Za-z0-9]*\)$/\1 \2\3 \3/p'\'''
lt_cv_sys_path_separator=:
nls_cv_force_use_gnu_gettext=no
nls_cv_header_intl=
nls_cv_header_libgt=
nls_cv_use_gnu_gettext=yes

## ----------- ##
## confdefs.h. ##
## ----------- ##

#define PACKAGE_NAME ""
#define PACKAGE_TARNAME ""
#define PACKAGE_VERSION ""
#define PACKAGE_STRING ""
#define PACKAGE_BUGREPORT ""
#define PACKAGE "popt"
#define VERSION "1.7"
#define HAVE_SYS_TYPES_H 1
#define HAVE_SYS_STAT_H 1
#define HAVE_STDLIB_H 1
#define HAVE_STRING_H 1
#define HAVE_MEMORY_H 1
#define HAVE_STRINGS_H 1
#define HAVE_INTTYPES_H 1
#define HAVE_STDINT_H 1
#define HAVE_UNISTD_H 1
#define PROTOTYPES 1
#define STDC_HEADERS 1
#define HAVE_STRING_H 1
#define HAVE_DLFCN_H 1
#define HAVE_ALLOCA_H 1
#define HAVE_FLOAT_H 1
#define HAVE_UNISTD_H 1
#define HAVE_STRERROR 1
#define HAVE_GETUID 1
#define HAVE_GETEUID 1
#define HAVE_ALLOCA_H 1
#define HAVE_ALLOCA 1
#define HAVE_STDLIB_H 1
#define HAVE_UNISTD_H 1
#define HAVE_GETPAGESIZE 1
#define HAVE_MMAP 1
#define INTDIV0_RAISES_SIGFPE 1
#define HAVE_INTTYPES_H_WITH_UINTMAX 1
#define HAVE_STDINT_H_WITH_UINTMAX 1
#define HAVE_UNSIGNED_LONG_LONG 1
#define HAVE_INTTYPES_H 1
#define HAVE_LIMITS_H 1
#define HAVE_LOCALE_H 1
#define HAVE_NL_TYPES_H 1
#define HAVE_STDDEF_H 1
#define HAVE_STDLIB_H 1
#define HAVE_STRING_H 1
#define HAVE_UNISTD_H 1
#define HAVE_SYS_PARAM_H 1
#define HAVE_FEOF_UNLOCKED 1
#define HAVE_GETC_UNLOCKED 1
#define HAVE_GETCWD 1
#define HAVE_GETEGID 1
#define HAVE_GETEUID 1
#define HAVE_GETGID 1
#define HAVE_GETUID 1
#define HAVE_MUNMAP 1
#define HAVE_PUTENV 1
#define HAVE_SETENV 1
#define HAVE_SETLOCALE 1
#define HAVE_STPCPY 1
#define HAVE_STRCASECMP 1
#define HAVE_STRDUP 1
#define HAVE_STRTOUL 1
#define HAVE_TSEARCH 1
#define HAVE_ICONV 1
#define ICONV_CONST 
#define HAVE_LANGINFO_CODESET 1
#define HAVE_LC_MESSAGES 1
#define ENABLE_NLS 1
#define POPT_SOURCE_PATH "/Users/brumgard/Documents/Work/LoCI/workspace/lors/popt"

configure: exit 0
